<?xml version="1.0" encoding="UTF-8"?>
<!-- Generated by org.testng.reporters.JUnitXMLReporter -->
<testsuite hostname="DESKTOP-E7C44F9" ignored="0" name="Tests" tests="3" failures="0" timestamp="19 Dec 2021 15:20:42 GMT" time="24.435" errors="0">
  <testcase name="wetherAPIValidData" time="14.264" classname="com.sample.test.demo.tests.DemoTest"/>
  <testcase name="wetherAPIInvalidData" time="0.679" classname="com.sample.test.demo.tests.DemoTest"/>
  <testcase name="bookFlight" time="2.965" classname="com.sample.test.demo.tests.DemoTest"/>
</testsuite> <!-- Tests -->
